<!-- generated by check2junit.py
        the libcheck-XML to JUnit-Jenkins-style-XML converter -->
<testsuites>
  <testsuite tests="3" name="S1" timestamp="2016-11-03T09:42:47" failures="1">
    <testcase classname="ex_output" name="test_pass" time="0.000016"/>
    <testcase classname="ex_output" name="test_fail" time="0">
      <error message="Failure"/>
    </testcase>
    <testcase classname="ex_output" name="test_exit" time="0"/>
  </testsuite>
  <testsuite tests="4" name="S2" timestamp="2016-11-03T09:42:47" failures="2">
    <testcase classname="ex_output" name="test_pass2" time="0.000015"/>
    <testcase classname="ex_output" name="test_loop" time="0">
      <error message="Iteration 0 failed"/>
    </testcase>
    <testcase classname="ex_output" name="test_loop_1" time="0.000015"/>
    <testcase classname="ex_output" name="test_loop_2" time="0">
      <error message="Iteration 2 failed"/>
    </testcase>
  </testsuite>
  <testsuite tests="1" name="XML escape &quot; ' &lt; &gt; &amp; tests" timestamp="2016-11-03T09:42:47" failures="1">
    <testcase classname="ex_output" name="test_xml_esc_fail_msg" time="0">
      <error message="fail &quot; ' &lt; &gt; &amp; message"/>
    </testcase>
  </testsuite>
  <testsuite tests="1" name="NoFork" timestamp="2016-11-03T21:48:23" failures="1">
    <testcase classname="check_nofork" name="test_nofork_exit" time="0">
      <error message="Assertion '((void *)0) != s' failed"/>
    </testcase>
  </testsuite>
</testsuites>
